{"level":"info","message":"Server up and running on port 8082...","timestamp":"2020-07-06T11:42:08.390Z"}
{"level":"info","message":"Connected to mongodb+srv://auth:auth@auth.4h46g.mongodb.net/auth?retryWrites=true&w=majority...","timestamp":"2020-07-06T11:42:23.696Z"}
{"level":"info","message":"Server up and running on port 8082...","timestamp":"2020-07-06T11:53:08.654Z"}
{"level":"info","message":"Connected to mongodb+srv://auth:auth@auth.4h46g.mongodb.net/auth?retryWrites=true&w=majority...","timestamp":"2020-07-06T11:53:26.145Z"}
{"level":"info","message":"Server up and running on port 8082...","timestamp":"2020-07-06T13:57:53.629Z"}
{"level":"info","message":"Connected to mongodb+srv://auth:auth@auth.4h46g.mongodb.net/auth?retryWrites=true&w=majority...","timestamp":"2020-07-06T13:58:06.900Z"}
{"level":"info","message":"Server up and running on port 8082...","timestamp":"2020-07-06T14:02:59.099Z"}
{"level":"info","message":"Connected to mongodb+srv://auth:auth@auth.4h46g.mongodb.net/auth?retryWrites=true&w=majority...","timestamp":"2020-07-06T14:03:12.501Z"}
{"level":"info","message":"Server up and running on port 8082...","timestamp":"2020-07-06T14:05:39.267Z"}
{"level":"info","message":"Connected to mongodb+srv://auth:auth@auth.4h46g.mongodb.net/auth?retryWrites=true&w=majority...","timestamp":"2020-07-06T14:05:52.558Z"}
{"level":"info","message":"Server up and running on port 8082...","timestamp":"2020-07-06T14:12:24.018Z"}
{"level":"info","message":"Connected to mongodb+srv://auth:auth@auth.4h46g.mongodb.net/auth?retryWrites=true&w=majority...","timestamp":"2020-07-06T14:12:37.217Z"}
{"level":"info","message":"Server up and running on port 8082...","timestamp":"2020-07-06T14:26:08.079Z"}
{"level":"info","message":"Connected to mongodb+srv://auth:auth@auth.4h46g.mongodb.net/auth?retryWrites=true&w=majority...","timestamp":"2020-07-06T14:26:21.421Z"}
{"level":"info","message":"Server up and running on port 8082...","timestamp":"2020-07-06T14:54:59.446Z"}
{"level":"info","message":"Connected to mongodb+srv://auth:auth@auth.4h46g.mongodb.net/auth?retryWrites=true&w=majority...","timestamp":"2020-07-06T14:55:12.636Z"}
{"level":"info","message":"Server up and running on port 8082...","timestamp":"2020-07-06T15:13:39.833Z"}
{"level":"info","message":"Connected to mongodb+srv://auth:auth@auth.4h46g.mongodb.net/auth?retryWrites=true&w=majority...","timestamp":"2020-07-06T15:14:00.236Z"}
{"level":"info","message":"Server up and running on port 8082...","timestamp":"2020-07-06T19:26:32.832Z"}
{"level":"info","message":"Connected to mongodb+srv://auth:auth@auth.4h46g.mongodb.net/auth?retryWrites=true&w=majority...","timestamp":"2020-07-06T19:26:48.129Z"}
{"level":"info","message":"Server up and running on port 8082...","timestamp":"2020-07-06T19:34:31.799Z"}
{"level":"info","message":"Connected to mongodb+srv://auth:auth@auth.4h46g.mongodb.net/auth?retryWrites=true&w=majority...","timestamp":"2020-07-06T19:34:46.968Z"}
{"level":"info","message":"Server up and running on port 8082...","timestamp":"2020-07-07T02:30:50.617Z"}
{"level":"info","message":"Connected to mongodb+srv://auth:auth@auth.4h46g.mongodb.net/auth?retryWrites=true&w=majority...","timestamp":"2020-07-07T02:31:03.884Z"}
{"level":"info","message":"Server up and running on port 8082...","timestamp":"2020-07-07T02:34:41.055Z"}
{"level":"info","message":"Connected to mongodb+srv://auth:auth@auth.4h46g.mongodb.net/auth?retryWrites=true&w=majority...","timestamp":"2020-07-07T02:34:54.371Z"}
{"level":"info","message":"Server up and running on port 8082...","timestamp":"2020-07-07T02:49:48.934Z"}
{"level":"info","message":"Connected to mongodb+srv://auth:auth@auth.4h46g.mongodb.net/auth?retryWrites=true&w=majority...","timestamp":"2020-07-07T02:50:02.179Z"}
{"level":"info","message":"Server up and running on port 8082...","timestamp":"2020-07-07T02:52:41.721Z"}
{"level":"info","message":"Connected to mongodb+srv://auth:auth@auth.4h46g.mongodb.net/auth?retryWrites=true&w=majority...","timestamp":"2020-07-07T02:52:54.876Z"}
{"level":"info","message":"Server up and running on port 8082...","timestamp":"2020-07-07T02:55:51.261Z"}
{"level":"info","message":"Connected to mongodb+srv://auth:auth@auth.4h46g.mongodb.net/auth?retryWrites=true&w=majority...","timestamp":"2020-07-07T02:56:04.563Z"}
{"level":"info","message":"Server up and running on port 8082...","timestamp":"2020-07-07T03:00:42.862Z"}
{"level":"info","message":"Connected to mongodb+srv://auth:auth@auth.4h46g.mongodb.net/auth?retryWrites=true&w=majority...","timestamp":"2020-07-07T03:01:00.119Z"}
{"level":"info","message":"Server up and running on port 8082...","timestamp":"2020-07-07T10:35:49.498Z"}
{"level":"info","message":"Connected to mongodb+srv://auth:auth@auth.4h46g.mongodb.net/auth?retryWrites=true&w=majority...","timestamp":"2020-07-07T10:36:02.726Z"}
{"level":"info","message":"Server up and running on port 8082...","timestamp":"2020-07-07T10:56:18.829Z"}
{"level":"info","message":"Connected to mongodb+srv://auth:auth@auth.4h46g.mongodb.net/auth?retryWrites=true&w=majority...","timestamp":"2020-07-07T10:56:34.007Z"}
{"level":"info","message":"Server up and running on port 8082...","timestamp":"2020-07-07T11:19:57.711Z"}
{"level":"info","message":"Connected to mongodb+srv://auth:auth@auth.4h46g.mongodb.net/auth?retryWrites=true&w=majority...","timestamp":"2020-07-07T11:20:10.843Z"}
{"level":"info","message":"Server up and running on port 8082...","timestamp":"2020-07-07T11:27:57.767Z"}
{"level":"info","message":"Connected to mongodb+srv://auth:auth@auth.4h46g.mongodb.net/auth?retryWrites=true&w=majority...","timestamp":"2020-07-07T11:28:11.035Z"}
{"level":"info","message":"Server up and running on port 8082...","timestamp":"2020-07-07T11:29:31.693Z"}
{"level":"info","message":"Connected to mongodb+srv://auth:auth@auth.4h46g.mongodb.net/auth?retryWrites=true&w=majority...","timestamp":"2020-07-07T11:29:47.054Z"}
{"level":"info","message":"Server up and running on port 8082...","timestamp":"2020-07-07T14:14:17.400Z"}
{"level":"info","message":"Connected to mongodb+srv://auth:auth@auth.4h46g.mongodb.net/auth?retryWrites=true&w=majority...","timestamp":"2020-07-07T14:14:38.895Z"}
{"level":"info","message":"Server up and running on port 8082...","timestamp":"2020-07-07T14:16:05.841Z"}
{"level":"info","message":"Connected to mongodb+srv://auth:auth@auth.4h46g.mongodb.net/auth?retryWrites=true&w=majority...","timestamp":"2020-07-07T14:16:19.204Z"}
{"level":"info","message":"Server up and running on port 8082...","timestamp":"2020-07-07T14:27:31.359Z"}
{"level":"info","message":"Connected to mongodb+srv://auth:auth@auth.4h46g.mongodb.net/auth?retryWrites=true&w=majority...","timestamp":"2020-07-07T14:27:44.588Z"}
{"level":"info","message":"Server up and running on port 8082...","timestamp":"2020-07-07T14:44:40.505Z"}
{"level":"info","message":"Connected to mongodb+srv://auth:auth@auth.4h46g.mongodb.net/auth?retryWrites=true&w=majority...","timestamp":"2020-07-07T14:44:53.806Z"}
{"level":"info","message":"Server up and running on port 8082...","timestamp":"2020-07-07T15:13:45.536Z"}
{"level":"info","message":"Connected to mongodb+srv://auth:auth@auth.4h46g.mongodb.net/auth?retryWrites=true&w=majority...","timestamp":"2020-07-07T15:13:58.920Z"}
{"level":"info","message":"Server up and running on port 8082...","timestamp":"2020-07-07T15:46:02.572Z"}
{"level":"info","message":"Connected to mongodb+srv://auth:auth@auth.4h46g.mongodb.net/auth?retryWrites=true&w=majority...","timestamp":"2020-07-07T15:46:19.844Z"}
{"level":"info","message":"Server up and running on port 8082...","timestamp":"2020-07-08T01:40:41.493Z"}
{"level":"info","message":"Connected to mongodb+srv://auth:auth@auth.4h46g.mongodb.net/auth?retryWrites=true&w=majority...","timestamp":"2020-07-08T01:40:54.599Z"}
{"level":"info","message":"Server up and running on port 8082...","timestamp":"2020-07-08T02:58:01.424Z"}
{"level":"info","message":"Connected to mongodb+srv://hungryfix:hungryfix@cluster0.rjzyn.gcp.mongodb.net/hungryfix?retryWrites=true&w=majority...","timestamp":"2020-07-08T02:58:16.828Z"}
{"level":"info","message":"Server up and running on port 8082...","timestamp":"2020-07-09T10:51:21.057Z"}
{"level":"info","message":"Connected to mongodb+srv://hungryfix:hungryfix@cluster0.rjzyn.gcp.mongodb.net/hungryfix?retryWrites=true&w=majority...","timestamp":"2020-07-09T10:51:34.431Z"}
{"level":"info","message":"Server up and running on port 8082...","timestamp":"2020-07-10T18:51:47.906Z"}
{"level":"info","message":"Connected to mongodb+srv://hungryfix:hungryfix@cluster0.rjzyn.gcp.mongodb.net/hungryfix?retryWrites=true&w=majority...","timestamp":"2020-07-10T18:52:01.359Z"}
{"level":"info","message":"Server up and running on port 8082...","timestamp":"2020-07-10T23:15:42.883Z"}
{"level":"info","message":"Connected to mongodb+srv://hungryfix:hungryfix@cluster0.rjzyn.gcp.mongodb.net/hungryfix?retryWrites=true&w=majority...","timestamp":"2020-07-10T23:15:58.130Z"}
{"message":"Unexpected token \n in JSON at position 42","stack":"SyntaxError: Unexpected token \n in JSON at position 42\n    at JSON.parse (<anonymous>)\n    at parse (/home/luadmin/Desktop/foody-friend/backend/node_modules/body-parser/lib/types/json.js:89:19)\n    at /home/luadmin/Desktop/foody-friend/backend/node_modules/body-parser/lib/read.js:121:18\n    at invokeCallback (/home/luadmin/Desktop/foody-friend/backend/node_modules/raw-body/index.js:224:16)\n    at done (/home/luadmin/Desktop/foody-friend/backend/node_modules/raw-body/index.js:213:7)\n    at IncomingMessage.onEnd (/home/luadmin/Desktop/foody-friend/backend/node_modules/raw-body/index.js:273:7)\n    at IncomingMessage.emit (events.js:203:15)\n    at endReadableNT (_stream_readable.js:1145:12)\n    at process._tickCallback (internal/process/next_tick.js:63:19)","expose":true,"statusCode":400,"status":400,"body":"{\n    \n    \"email\": \"nnguyenucf@gmail.com,\n    \"password\": \"yhackthis\"\n}","type":"entity.parse.failed","level":"error","timestamp":"2020-07-10T23:17:12.243Z"}
{"message":"Unexpected token \n in JSON at position 42","stack":"SyntaxError: Unexpected token \n in JSON at position 42\n    at JSON.parse (<anonymous>)\n    at parse (/home/luadmin/Desktop/foody-friend/backend/node_modules/body-parser/lib/types/json.js:89:19)\n    at /home/luadmin/Desktop/foody-friend/backend/node_modules/body-parser/lib/read.js:121:18\n    at invokeCallback (/home/luadmin/Desktop/foody-friend/backend/node_modules/raw-body/index.js:224:16)\n    at done (/home/luadmin/Desktop/foody-friend/backend/node_modules/raw-body/index.js:213:7)\n    at IncomingMessage.onEnd (/home/luadmin/Desktop/foody-friend/backend/node_modules/raw-body/index.js:273:7)\n    at IncomingMessage.emit (events.js:203:15)\n    at endReadableNT (_stream_readable.js:1145:12)\n    at process._tickCallback (internal/process/next_tick.js:63:19)","expose":true,"statusCode":400,"status":400,"body":"{\n    \n    \"email\": \"nnguyenucf@gmail.com,\n    \"password\": \"yhackthis\"\n}","type":"entity.parse.failed","level":"error","timestamp":"2020-07-10T23:20:39.854Z"}
{"level":"info","message":"Server up and running on port 8082...","timestamp":"2020-07-10T23:21:40.648Z"}
{"level":"info","message":"Connected to mongodb+srv://hungryfix:hungryfix@cluster0.rjzyn.gcp.mongodb.net/hungryfix?retryWrites=true&w=majority...","timestamp":"2020-07-10T23:21:56.020Z"}
{"level":"info","message":"Server up and running on port 8082...","timestamp":"2020-07-11T00:11:18.050Z"}
{"level":"info","message":"Connected to mongodb+srv://hungryfix:hungryfix@cluster0.rjzyn.gcp.mongodb.net/hungryfix?retryWrites=true&w=majority...","timestamp":"2020-07-11T00:11:33.476Z"}
{"level":"info","message":"Server up and running on port 8082...","timestamp":"2020-07-12T01:54:00.362Z"}
{"level":"info","message":"Connected to mongodb+srv://hungryfix:hungryfix@cluster0.rjzyn.gcp.mongodb.net/hungryfix?retryWrites=true&w=majority...","timestamp":"2020-07-12T01:54:13.773Z"}
{"level":"info","message":"Server up and running on port 8082...","timestamp":"2020-07-12T01:59:54.301Z"}
{"level":"info","message":"Connected to mongodb+srv://hungryfix:hungryfix@cluster0.rjzyn.gcp.mongodb.net/hungryfix?retryWrites=true&w=majority...","timestamp":"2020-07-12T02:00:13.027Z"}
{"level":"info","message":"Server up and running on port 8082...","timestamp":"2020-07-12T02:09:03.643Z"}
{"level":"info","message":"Connected to mongodb+srv://hungryfix:hungryfix@cluster0.rjzyn.gcp.mongodb.net/hungryfix?retryWrites=true&w=majority...","timestamp":"2020-07-12T02:09:17.045Z"}
{"level":"info","message":"Server up and running on port 8082...","timestamp":"2020-07-12T03:22:31.457Z"}
{"level":"info","message":"Connected to mongodb+srv://hungryfix:hungryfix@cluster0.rjzyn.gcp.mongodb.net/hungryfix?retryWrites=true&w=majority...","timestamp":"2020-07-12T03:22:44.701Z"}
{"level":"info","message":"Server up and running on port 8082...","timestamp":"2020-07-12T03:30:04.357Z"}
{"level":"info","message":"Connected to mongodb+srv://hungryfix:hungryfix@cluster0.rjzyn.gcp.mongodb.net/hungryfix?retryWrites=true&w=majority...","timestamp":"2020-07-12T03:30:17.751Z"}
{"level":"info","message":"Server up and running on port 8082...","timestamp":"2020-07-12T03:31:16.550Z"}
{"level":"info","message":"Connected to mongodb+srv://hungryfix:hungryfix@cluster0.rjzyn.gcp.mongodb.net/hungryfix?retryWrites=true&w=majority...","timestamp":"2020-07-12T03:31:27.875Z"}
{"message":"Cannot set headers after they are sent to the client","stack":"Error [ERR_HTTP_HEADERS_SENT]: Cannot set headers after they are sent to the client\n    at ServerResponse.setHeader (_http_outgoing.js:470:11)\n    at ServerResponse.header (/home/luadmin/Desktop/foody-friend/backend/node_modules/express/lib/response.js:767:10)\n    at ServerResponse.send (/home/luadmin/Desktop/foody-friend/backend/node_modules/express/lib/response.js:170:12)\n    at ServerResponse.json (/home/luadmin/Desktop/foody-friend/backend/node_modules/express/lib/response.js:267:15)\n    at ServerResponse.send (/home/luadmin/Desktop/foody-friend/backend/node_modules/express/lib/response.js:158:21)\n    at req.login.err (/home/luadmin/Desktop/foody-friend/backend/routes/auth.js:164:25)\n    at /home/luadmin/Desktop/foody-friend/backend/node_modules/passport/lib/http/request.js:51:48\n    at /home/luadmin/Desktop/foody-friend/backend/node_modules/passport/lib/sessionmanager.js:16:14\n    at pass (/home/luadmin/Desktop/foody-friend/backend/node_modules/passport/lib/authenticator.js:297:14)\n    at Authenticator.serializeUser (/home/luadmin/Desktop/foody-friend/backend/node_modules/passport/lib/authenticator.js:299:5)\n    at SessionManager.logIn (/home/luadmin/Desktop/foody-friend/backend/node_modules/passport/lib/sessionmanager.js:14:8)\n    at IncomingMessage.req.login.req.logIn (/home/luadmin/Desktop/foody-friend/backend/node_modules/passport/lib/http/request.js:50:33)\n    at passport.authenticate (/home/luadmin/Desktop/foody-friend/backend/routes/auth.js:162:9)\n    at allFailed (/home/luadmin/Desktop/foody-friend/backend/node_modules/passport/lib/middleware/authenticate.js:107:18)\n    at attempt (/home/luadmin/Desktop/foody-friend/backend/node_modules/passport/lib/middleware/authenticate.js:180:28)\n    at Strategy.strategy.fail (/home/luadmin/Desktop/foody-friend/backend/node_modules/passport/lib/middleware/authenticate.js:297:9)","level":"error","timestamp":"2020-07-12T03:34:22.681Z"}
{"message":"Cannot set headers after they are sent to the client","stack":"Error [ERR_HTTP_HEADERS_SENT]: Cannot set headers after they are sent to the client\n    at ServerResponse.setHeader (_http_outgoing.js:470:11)\n    at ServerResponse.header (/home/luadmin/Desktop/foody-friend/backend/node_modules/express/lib/response.js:767:10)\n    at ServerResponse.send (/home/luadmin/Desktop/foody-friend/backend/node_modules/express/lib/response.js:170:12)\n    at ServerResponse.json (/home/luadmin/Desktop/foody-friend/backend/node_modules/express/lib/response.js:267:15)\n    at ServerResponse.send (/home/luadmin/Desktop/foody-friend/backend/node_modules/express/lib/response.js:158:21)\n    at req.login.err (/home/luadmin/Desktop/foody-friend/backend/routes/auth.js:164:25)\n    at /home/luadmin/Desktop/foody-friend/backend/node_modules/passport/lib/http/request.js:51:48\n    at /home/luadmin/Desktop/foody-friend/backend/node_modules/passport/lib/sessionmanager.js:16:14\n    at pass (/home/luadmin/Desktop/foody-friend/backend/node_modules/passport/lib/authenticator.js:297:14)\n    at Authenticator.serializeUser (/home/luadmin/Desktop/foody-friend/backend/node_modules/passport/lib/authenticator.js:299:5)\n    at SessionManager.logIn (/home/luadmin/Desktop/foody-friend/backend/node_modules/passport/lib/sessionmanager.js:14:8)\n    at IncomingMessage.req.login.req.logIn (/home/luadmin/Desktop/foody-friend/backend/node_modules/passport/lib/http/request.js:50:33)\n    at passport.authenticate (/home/luadmin/Desktop/foody-friend/backend/routes/auth.js:162:9)\n    at allFailed (/home/luadmin/Desktop/foody-friend/backend/node_modules/passport/lib/middleware/authenticate.js:107:18)\n    at attempt (/home/luadmin/Desktop/foody-friend/backend/node_modules/passport/lib/middleware/authenticate.js:180:28)\n    at Strategy.strategy.fail (/home/luadmin/Desktop/foody-friend/backend/node_modules/passport/lib/middleware/authenticate.js:297:9)","level":"error","timestamp":"2020-07-12T03:35:36.879Z"}
{"message":"Cannot set headers after they are sent to the client","stack":"Error [ERR_HTTP_HEADERS_SENT]: Cannot set headers after they are sent to the client\n    at ServerResponse.setHeader (_http_outgoing.js:470:11)\n    at ServerResponse.header (/home/luadmin/Desktop/foody-friend/backend/node_modules/express/lib/response.js:767:10)\n    at ServerResponse.send (/home/luadmin/Desktop/foody-friend/backend/node_modules/express/lib/response.js:170:12)\n    at ServerResponse.json (/home/luadmin/Desktop/foody-friend/backend/node_modules/express/lib/response.js:267:15)\n    at ServerResponse.send (/home/luadmin/Desktop/foody-friend/backend/node_modules/express/lib/response.js:158:21)\n    at req.login.err (/home/luadmin/Desktop/foody-friend/backend/routes/auth.js:164:25)\n    at /home/luadmin/Desktop/foody-friend/backend/node_modules/passport/lib/http/request.js:51:48\n    at /home/luadmin/Desktop/foody-friend/backend/node_modules/passport/lib/sessionmanager.js:16:14\n    at pass (/home/luadmin/Desktop/foody-friend/backend/node_modules/passport/lib/authenticator.js:297:14)\n    at Authenticator.serializeUser (/home/luadmin/Desktop/foody-friend/backend/node_modules/passport/lib/authenticator.js:299:5)\n    at SessionManager.logIn (/home/luadmin/Desktop/foody-friend/backend/node_modules/passport/lib/sessionmanager.js:14:8)\n    at IncomingMessage.req.login.req.logIn (/home/luadmin/Desktop/foody-friend/backend/node_modules/passport/lib/http/request.js:50:33)\n    at passport.authenticate (/home/luadmin/Desktop/foody-friend/backend/routes/auth.js:162:9)\n    at allFailed (/home/luadmin/Desktop/foody-friend/backend/node_modules/passport/lib/middleware/authenticate.js:107:18)\n    at attempt (/home/luadmin/Desktop/foody-friend/backend/node_modules/passport/lib/middleware/authenticate.js:180:28)\n    at Strategy.strategy.fail (/home/luadmin/Desktop/foody-friend/backend/node_modules/passport/lib/middleware/authenticate.js:297:9)","level":"error","timestamp":"2020-07-12T03:35:39.377Z"}
{"level":"info","message":"Server up and running on port 8082...","timestamp":"2020-07-12T03:35:47.725Z"}
{"level":"info","message":"Connected to mongodb+srv://hungryfix:hungryfix@cluster0.rjzyn.gcp.mongodb.net/hungryfix?retryWrites=true&w=majority...","timestamp":"2020-07-12T03:36:01.043Z"}
{"message":"Cannot set headers after they are sent to the client","stack":"Error [ERR_HTTP_HEADERS_SENT]: Cannot set headers after they are sent to the client\n    at ServerResponse.setHeader (_http_outgoing.js:470:11)\n    at ServerResponse.header (/home/luadmin/Desktop/foody-friend/backend/node_modules/express/lib/response.js:767:10)\n    at ServerResponse.send (/home/luadmin/Desktop/foody-friend/backend/node_modules/express/lib/response.js:170:12)\n    at ServerResponse.json (/home/luadmin/Desktop/foody-friend/backend/node_modules/express/lib/response.js:267:15)\n    at ServerResponse.send (/home/luadmin/Desktop/foody-friend/backend/node_modules/express/lib/response.js:158:21)\n    at req.login.err (/home/luadmin/Desktop/foody-friend/backend/routes/auth.js:164:25)\n    at /home/luadmin/Desktop/foody-friend/backend/node_modules/passport/lib/http/request.js:51:48\n    at /home/luadmin/Desktop/foody-friend/backend/node_modules/passport/lib/sessionmanager.js:16:14\n    at pass (/home/luadmin/Desktop/foody-friend/backend/node_modules/passport/lib/authenticator.js:297:14)\n    at Authenticator.serializeUser (/home/luadmin/Desktop/foody-friend/backend/node_modules/passport/lib/authenticator.js:299:5)\n    at SessionManager.logIn (/home/luadmin/Desktop/foody-friend/backend/node_modules/passport/lib/sessionmanager.js:14:8)\n    at IncomingMessage.req.login.req.logIn (/home/luadmin/Desktop/foody-friend/backend/node_modules/passport/lib/http/request.js:50:33)\n    at passport.authenticate (/home/luadmin/Desktop/foody-friend/backend/routes/auth.js:162:9)\n    at allFailed (/home/luadmin/Desktop/foody-friend/backend/node_modules/passport/lib/middleware/authenticate.js:107:18)\n    at attempt (/home/luadmin/Desktop/foody-friend/backend/node_modules/passport/lib/middleware/authenticate.js:180:28)\n    at Strategy.strategy.fail (/home/luadmin/Desktop/foody-friend/backend/node_modules/passport/lib/middleware/authenticate.js:297:9)","level":"error","timestamp":"2020-07-12T03:36:23.434Z"}
{"message":"Cannot set headers after they are sent to the client","stack":"Error [ERR_HTTP_HEADERS_SENT]: Cannot set headers after they are sent to the client\n    at ServerResponse.setHeader (_http_outgoing.js:470:11)\n    at ServerResponse.header (/home/luadmin/Desktop/foody-friend/backend/node_modules/express/lib/response.js:767:10)\n    at ServerResponse.send (/home/luadmin/Desktop/foody-friend/backend/node_modules/express/lib/response.js:170:12)\n    at ServerResponse.json (/home/luadmin/Desktop/foody-friend/backend/node_modules/express/lib/response.js:267:15)\n    at ServerResponse.send (/home/luadmin/Desktop/foody-friend/backend/node_modules/express/lib/response.js:158:21)\n    at req.login.err (/home/luadmin/Desktop/foody-friend/backend/routes/auth.js:164:25)\n    at /home/luadmin/Desktop/foody-friend/backend/node_modules/passport/lib/http/request.js:51:48\n    at /home/luadmin/Desktop/foody-friend/backend/node_modules/passport/lib/sessionmanager.js:16:14\n    at pass (/home/luadmin/Desktop/foody-friend/backend/node_modules/passport/lib/authenticator.js:297:14)\n    at Authenticator.serializeUser (/home/luadmin/Desktop/foody-friend/backend/node_modules/passport/lib/authenticator.js:299:5)\n    at SessionManager.logIn (/home/luadmin/Desktop/foody-friend/backend/node_modules/passport/lib/sessionmanager.js:14:8)\n    at IncomingMessage.req.login.req.logIn (/home/luadmin/Desktop/foody-friend/backend/node_modules/passport/lib/http/request.js:50:33)\n    at passport.authenticate (/home/luadmin/Desktop/foody-friend/backend/routes/auth.js:162:9)\n    at allFailed (/home/luadmin/Desktop/foody-friend/backend/node_modules/passport/lib/middleware/authenticate.js:107:18)\n    at attempt (/home/luadmin/Desktop/foody-friend/backend/node_modules/passport/lib/middleware/authenticate.js:180:28)\n    at Strategy.strategy.fail (/home/luadmin/Desktop/foody-friend/backend/node_modules/passport/lib/middleware/authenticate.js:297:9)","level":"error","timestamp":"2020-07-12T03:36:56.452Z"}
{"level":"info","message":"Server up and running on port 8082...","timestamp":"2020-07-12T03:37:09.642Z"}
{"level":"info","message":"Connected to mongodb+srv://hungryfix:hungryfix@cluster0.rjzyn.gcp.mongodb.net/hungryfix?retryWrites=true&w=majority...","timestamp":"2020-07-12T03:37:22.875Z"}
{"message":"Cannot set headers after they are sent to the client","stack":"Error [ERR_HTTP_HEADERS_SENT]: Cannot set headers after they are sent to the client\n    at ServerResponse.setHeader (_http_outgoing.js:470:11)\n    at ServerResponse.header (/home/luadmin/Desktop/foody-friend/backend/node_modules/express/lib/response.js:767:10)\n    at ServerResponse.send (/home/luadmin/Desktop/foody-friend/backend/node_modules/express/lib/response.js:170:12)\n    at ServerResponse.json (/home/luadmin/Desktop/foody-friend/backend/node_modules/express/lib/response.js:267:15)\n    at ServerResponse.send (/home/luadmin/Desktop/foody-friend/backend/node_modules/express/lib/response.js:158:21)\n    at req.login.err (/home/luadmin/Desktop/foody-friend/backend/routes/auth.js:164:25)\n    at /home/luadmin/Desktop/foody-friend/backend/node_modules/passport/lib/http/request.js:51:48\n    at /home/luadmin/Desktop/foody-friend/backend/node_modules/passport/lib/sessionmanager.js:16:14\n    at pass (/home/luadmin/Desktop/foody-friend/backend/node_modules/passport/lib/authenticator.js:297:14)\n    at Authenticator.serializeUser (/home/luadmin/Desktop/foody-friend/backend/node_modules/passport/lib/authenticator.js:299:5)\n    at SessionManager.logIn (/home/luadmin/Desktop/foody-friend/backend/node_modules/passport/lib/sessionmanager.js:14:8)\n    at IncomingMessage.req.login.req.logIn (/home/luadmin/Desktop/foody-friend/backend/node_modules/passport/lib/http/request.js:50:33)\n    at passport.authenticate (/home/luadmin/Desktop/foody-friend/backend/routes/auth.js:162:9)\n    at allFailed (/home/luadmin/Desktop/foody-friend/backend/node_modules/passport/lib/middleware/authenticate.js:107:18)\n    at attempt (/home/luadmin/Desktop/foody-friend/backend/node_modules/passport/lib/middleware/authenticate.js:180:28)\n    at Strategy.strategy.fail (/home/luadmin/Desktop/foody-friend/backend/node_modules/passport/lib/middleware/authenticate.js:297:9)","level":"error","timestamp":"2020-07-12T03:37:45.309Z"}
{"level":"info","message":"Server up and running on port 8082...","timestamp":"2020-07-12T14:29:57.197Z"}
{"level":"info","message":"Connected to mongodb+srv://hungryfix:hungryfix@cluster0.rjzyn.gcp.mongodb.net/hungryfix?retryWrites=true&w=majority...","timestamp":"2020-07-12T14:29:58.489Z"}
{"level":"info","message":"Server up and running on port 8082...","timestamp":"2020-07-12T19:44:45.836Z"}
{"level":"info","message":"Connected to mongodb+srv://hungryfix:hungryfix@cluster0.rjzyn.gcp.mongodb.net/hungryfix?retryWrites=true&w=majority...","timestamp":"2020-07-12T19:45:00.623Z"}
{"level":"info","message":"Server up and running on port 8082...","timestamp":"2020-07-12T19:56:40.121Z"}
{"level":"info","message":"Connected to mongodb+srv://hungryfix:hungryfix@cluster0.rjzyn.gcp.mongodb.net/hungryfix?retryWrites=true&w=majority...","timestamp":"2020-07-12T19:56:53.489Z"}
{"level":"info","message":"Server up and running on port 8082...","timestamp":"2020-07-12T20:00:52.780Z"}
{"level":"info","message":"Connected to mongodb+srv://hungryfix:hungryfix@cluster0.rjzyn.gcp.mongodb.net/hungryfix?retryWrites=true&w=majority...","timestamp":"2020-07-12T20:01:06.086Z"}
{"level":"info","message":"Server up and running on port 8082...","timestamp":"2020-07-12T20:04:31.795Z"}
{"level":"info","message":"Connected to mongodb+srv://hungryfix:hungryfix@cluster0.rjzyn.gcp.mongodb.net/hungryfix?retryWrites=true&w=majority...","timestamp":"2020-07-12T20:04:45.495Z"}
{"level":"info","message":"Server up and running on port 8082...","timestamp":"2020-07-12T20:08:15.935Z"}
{"level":"info","message":"Server up and running on port 8082...","timestamp":"2020-07-12T20:13:32.589Z"}
{"level":"info","message":"Connected to mongodb+srv://hungryfix:hungryfix@cluster0.rjzyn.gcp.mongodb.net/hungryfix?retryWrites=true&w=majority...","timestamp":"2020-07-12T20:13:45.907Z"}
{"level":"info","message":"Server up and running on port 8082...","timestamp":"2020-07-12T20:14:50.870Z"}
{"level":"info","message":"Connected to mongodb+srv://hungryfix:hungryfix@cluster0.rjzyn.gcp.mongodb.net/hungryfix?retryWrites=true&w=majority...","timestamp":"2020-07-12T20:15:04.316Z"}
{"level":"info","message":"Server up and running on port 8082...","timestamp":"2020-07-12T20:15:35.532Z"}
{"level":"info","message":"Server up and running on port 8082...","timestamp":"2020-07-12T20:30:59.789Z"}
{"level":"info","message":"Server up and running on port 8082...","timestamp":"2020-07-12T20:31:48.681Z"}
{"level":"info","message":"Server up and running on port 8082...","timestamp":"2020-07-12T20:32:37.332Z"}
{"level":"info","message":"Server up and running on port 8082...","timestamp":"2020-07-12T20:36:38.867Z"}
{"level":"info","message":"Connected to mongodb+srv://hungryfix:hungryfix@cluster0.rjzyn.gcp.mongodb.net/hungryfix?retryWrites=true&w=majority...","timestamp":"2020-07-12T20:36:52.272Z"}
{"level":"info","message":"Server up and running on port 8082...","timestamp":"2020-07-12T20:38:45.592Z"}
{"level":"info","message":"Connected to mongodb+srv://hungryfix:hungryfix@cluster0.rjzyn.gcp.mongodb.net/hungryfix?retryWrites=true&w=majority...","timestamp":"2020-07-12T20:38:58.908Z"}
{"level":"info","message":"Server up and running on port 8082...","timestamp":"2020-07-13T10:44:18.622Z"}
{"level":"info","message":"Connected to mongodb+srv://hungryfix:hungryfix@cluster0.rjzyn.gcp.mongodb.net/hungryfix?retryWrites=true&w=majority...","timestamp":"2020-07-13T10:44:29.908Z"}
{"level":"info","message":"Server up and running on port 8082...","timestamp":"2020-07-13T10:54:58.496Z"}
{"level":"info","message":"Connected to mongodb+srv://hungryfix:hungryfix@cluster0.rjzyn.gcp.mongodb.net/hungryfix?retryWrites=true&w=majority...","timestamp":"2020-07-13T10:55:11.794Z"}
{"level":"info","message":"Server up and running on port 8082...","timestamp":"2020-07-13T11:02:31.548Z"}
{"level":"info","message":"Connected to mongodb+srv://hungryfix:hungryfix@cluster0.rjzyn.gcp.mongodb.net/hungryfix?retryWrites=true&w=majority...","timestamp":"2020-07-13T11:02:50.840Z"}
{"level":"info","message":"Server up and running on port 8082...","timestamp":"2020-07-13T11:11:06.257Z"}
{"level":"info","message":"Connected to mongodb+srv://hungryfix:hungryfix@cluster0.rjzyn.gcp.mongodb.net/hungryfix?retryWrites=true&w=majority...","timestamp":"2020-07-13T11:11:19.617Z"}
{"level":"info","message":"Server up and running on port 8082...","timestamp":"2020-07-13T13:59:47.072Z"}
{"level":"info","message":"Connected to mongodb+srv://hungryfix:hungryfix@cluster0.rjzyn.gcp.mongodb.net/hungryfix?retryWrites=true&w=majority...","timestamp":"2020-07-13T14:00:02.357Z"}
{"level":"info","message":"Server up and running on port 8082...","timestamp":"2020-07-13T14:14:27.575Z"}
{"level":"info","message":"Connected to mongodb+srv://hungryfix:hungryfix@cluster0.rjzyn.gcp.mongodb.net/hungryfix?retryWrites=true&w=majority...","timestamp":"2020-07-13T14:14:40.866Z"}{"level":"info","message":"Server up and running on port 8082...","timestamp":"2020-07-13T19:35:39.293Z"}
{"level":"info","message":"Connected to mongodb+srv://hungryfix:hungryfix@cluster0.rjzyn.gcp.mongodb.net/hungryfix?retryWrites=true&w=majority...","timestamp":"2020-07-13T19:35:39.825Z"}
{"level":"info","message":"Server up and running on port 8082...","timestamp":"2020-07-13T19:38:18.371Z"}
{"level":"info","message":"Connected to mongodb+srv://hungryfix:hungryfix@cluster0.rjzyn.gcp.mongodb.net/hungryfix?retryWrites=true&w=majority...","timestamp":"2020-07-13T19:38:18.930Z"}
{"level":"info","message":"Server up and running on port 8082...","timestamp":"2020-07-26T06:03:18.820Z"}
{"level":"info","message":"Connected to mongodb+srv://foodyfriend:foodyfriend@cluster0.rjzyn.gcp.mongodb.net/foodyfriend?retryWrites=true&w=majority...","timestamp":"2020-07-26T06:03:19.299Z"}
{"level":"info","message":"Server up and running on port 8082...","timestamp":"2020-07-26T06:51:03.640Z"}
{"level":"info","message":"Connected to mongodb+srv://foodyfriend:foodyfriend@cluster0.rjzyn.gcp.mongodb.net/foodyfriend?retryWrites=true&w=majority...","timestamp":"2020-07-26T06:51:04.123Z"}
{"level":"info","message":"Server up and running on port 8082...","timestamp":"2020-07-26T06:56:21.049Z"}
{"level":"info","message":"Connected to mongodb+srv://foodyfriend:foodyfriend@cluster0.rjzyn.gcp.mongodb.net/foodyfriend?retryWrites=true&w=majority...","timestamp":"2020-07-26T06:56:21.632Z"}
{"level":"info","message":"Server up and running on port 8082...","timestamp":"2020-07-26T06:58:11.699Z"}
{"level":"info","message":"Connected to mongodb+srv://foodyfriend:foodyfriend@cluster0.rjzyn.gcp.mongodb.net/foodyfriend?retryWrites=true&w=majority...","timestamp":"2020-07-26T06:58:12.207Z"}
{"level":"info","message":"Server up and running on port 8082...","timestamp":"2020-07-26T07:04:11.009Z"}
{"level":"info","message":"Connected to mongodb+srv://foodyfriend:foodyfriend@cluster0.rjzyn.gcp.mongodb.net/foodyfriend?retryWrites=true&w=majority...","timestamp":"2020-07-26T07:04:11.504Z"}
{"level":"info","message":"Server up and running on port 8082...","timestamp":"2020-07-26T07:04:31.491Z"}
{"level":"info","message":"Connected to mongodb+srv://foodyfriend:foodyfriend@cluster0.rjzyn.gcp.mongodb.net/foodyfriend?retryWrites=true&w=majority...","timestamp":"2020-07-26T07:04:32.069Z"}
{"level":"info","message":"Server up and running on port 8082...","timestamp":"2020-07-26T07:06:13.139Z"}
{"level":"info","message":"Connected to mongodb+srv://foodyfriend:foodyfriend@cluster0.rjzyn.gcp.mongodb.net/foodyfriend?retryWrites=true&w=majority...","timestamp":"2020-07-26T07:06:13.615Z"}
{"level":"info","message":"Server up and running on port 8082...","timestamp":"2020-07-26T07:07:48.507Z"}
{"level":"info","message":"Connected to mongodb+srv://foodyfriend:foodyfriend@cluster0.rjzyn.gcp.mongodb.net/foodyfriend?retryWrites=true&w=majority...","timestamp":"2020-07-26T07:07:49.260Z"}
{"level":"info","message":"Server up and running on port 8082...","timestamp":"2020-07-26T07:08:02.373Z"}
{"level":"info","message":"Connected to mongodb+srv://foodyfriend:foodyfriend@cluster0.rjzyn.gcp.mongodb.net/foodyfriend?retryWrites=true&w=majority...","timestamp":"2020-07-26T07:08:03.227Z"}
{"level":"info","message":"Server up and running on port 8082...","timestamp":"2020-07-26T07:08:58.871Z"}
{"level":"info","message":"Connected to mongodb+srv://foodyfriend:foodyfriend@cluster0.rjzyn.gcp.mongodb.net/foodyfriend?retryWrites=true&w=majority...","timestamp":"2020-07-26T07:08:59.339Z"}
{"level":"info","message":"Server up and running on port 8082...","timestamp":"2020-07-26T07:11:07.990Z"}
{"level":"info","message":"Connected to mongodb+srv://foodyfriend:foodyfriend@cluster0.rjzyn.gcp.mongodb.net/foodyfriend?retryWrites=true&w=majority...","timestamp":"2020-07-26T07:11:09.425Z"}
{"level":"info","message":"Server up and running on port 8082...","timestamp":"2020-07-26T07:17:01.676Z"}
{"level":"info","message":"Connected to mongodb+srv://foodyfriend:foodyfriend@cluster0.rjzyn.gcp.mongodb.net/foodyfriend?retryWrites=true&w=majority...","timestamp":"2020-07-26T07:17:02.407Z"}
{"level":"info","message":"Server up and running on port 8082...","timestamp":"2020-07-26T07:22:15.296Z"}
{"level":"info","message":"Connected to mongodb+srv://foodyfriend:foodyfriend@cluster0.rjzyn.gcp.mongodb.net/foodyfriend?retryWrites=true&w=majority...","timestamp":"2020-07-26T07:22:16.033Z"}
{"level":"info","message":"Server up and running on port 8082...","timestamp":"2020-07-26T07:22:46.920Z"}
{"level":"info","message":"Connected to mongodb+srv://foodyfriend:foodyfriend@cluster0.rjzyn.gcp.mongodb.net/foodyfriend?retryWrites=true&w=majority...","timestamp":"2020-07-26T07:22:47.491Z"}
{"level":"info","message":"Server up and running on port 8082...","timestamp":"2020-07-26T07:23:46.104Z"}
{"level":"info","message":"Connected to mongodb+srv://foodyfriend:foodyfriend@cluster0.rjzyn.gcp.mongodb.net/foodyfriend?retryWrites=true&w=majority...","timestamp":"2020-07-26T07:23:46.581Z"}
{"level":"info","message":"Server up and running on port 8082...","timestamp":"2020-07-26T07:26:06.849Z"}
{"level":"info","message":"Connected to mongodb+srv://foodyfriend:foodyfriend@cluster0.rjzyn.gcp.mongodb.net/foodyfriend?retryWrites=true&w=majority...","timestamp":"2020-07-26T07:26:07.432Z"}
{"level":"info","message":"Server up and running on port 8082...","timestamp":"2020-07-26T07:27:47.271Z"}
{"level":"info","message":"Connected to mongodb+srv://foodyfriend:foodyfriend@cluster0.rjzyn.gcp.mongodb.net/foodyfriend?retryWrites=true&w=majority...","timestamp":"2020-07-26T07:27:47.752Z"}
{"level":"info","message":"Server up and running on port 8082...","timestamp":"2020-07-26T07:28:13.689Z"}
{"level":"info","message":"Connected to mongodb+srv://foodyfriend:foodyfriend@cluster0.rjzyn.gcp.mongodb.net/foodyfriend?retryWrites=true&w=majority...","timestamp":"2020-07-26T07:28:14.587Z"}
{"level":"info","message":"Server up and running on port 8082...","timestamp":"2020-07-26T07:29:15.759Z"}
{"level":"info","message":"Connected to mongodb+srv://foodyfriend:foodyfriend@cluster0.rjzyn.gcp.mongodb.net/foodyfriend?retryWrites=true&w=majority...","timestamp":"2020-07-26T07:29:16.326Z"}
{"level":"info","message":"Server up and running on port 8082...","timestamp":"2020-07-26T07:32:30.785Z"}
{"level":"info","message":"Connected to mongodb+srv://foodyfriend:foodyfriend@cluster0.rjzyn.gcp.mongodb.net/foodyfriend?retryWrites=true&w=majority...","timestamp":"2020-07-26T07:32:31.338Z"}
{"level":"info","message":"Server up and running on port 8082...","timestamp":"2020-07-26T07:49:46.122Z"}
{"level":"info","message":"Connected to mongodb+srv://foodyfriend:foodyfriend@cluster0.rjzyn.gcp.mongodb.net/foodyfriend?retryWrites=true&w=majority...","timestamp":"2020-07-26T07:49:46.744Z"}
{"level":"info","message":"Server up and running on port 8082...","timestamp":"2020-07-26T07:54:56.369Z"}
{"level":"info","message":"Connected to mongodb+srv://foodyfriend:foodyfriend@cluster0.rjzyn.gcp.mongodb.net/foodyfriend?retryWrites=true&w=majority...","timestamp":"2020-07-26T07:54:56.861Z"}
{"level":"info","message":"Server up and running on port 8082...","timestamp":"2020-07-26T07:55:14.870Z"}
{"level":"info","message":"Connected to mongodb+srv://foodyfriend:foodyfriend@cluster0.rjzyn.gcp.mongodb.net/foodyfriend?retryWrites=true&w=majority...","timestamp":"2020-07-26T07:55:15.378Z"}
{"level":"info","message":"Server up and running on port 8082...","timestamp":"2020-07-26T08:08:44.579Z"}
{"level":"info","message":"Connected to mongodb+srv://foodyfriend:foodyfriend@cluster0.rjzyn.gcp.mongodb.net/foodyfriend?retryWrites=true&w=majority...","timestamp":"2020-07-26T08:08:45.082Z"}
{"level":"info","message":"Server up and running on port 8082...","timestamp":"2020-07-26T08:10:54.754Z"}
{"level":"info","message":"Connected to mongodb+srv://foodyfriend:foodyfriend@cluster0.rjzyn.gcp.mongodb.net/foodyfriend?retryWrites=true&w=majority...","timestamp":"2020-07-26T08:10:55.329Z"}
{"level":"info","message":"Server up and running on port 8082...","timestamp":"2020-07-26T16:42:44.042Z"}
{"level":"info","message":"Connected to mongodb+srv://foodyfriend:foodyfriend@cluster0.rjzyn.gcp.mongodb.net/foodyfriend?retryWrites=true&w=majority...","timestamp":"2020-07-26T16:42:44.596Z"}
{"level":"info","message":"Server up and running on port 8082...","timestamp":"2020-07-26T16:42:56.065Z"}
{"level":"info","message":"Connected to mongodb+srv://foodyfriend:foodyfriend@cluster0.rjzyn.gcp.mongodb.net/foodyfriend?retryWrites=true&w=majority...","timestamp":"2020-07-26T16:42:56.574Z"}
{"level":"info","message":"Server up and running on port 8082...","timestamp":"2020-07-26T16:43:17.347Z"}
{"level":"info","message":"Connected to mongodb+srv://foodyfriend:foodyfriend@cluster0.rjzyn.gcp.mongodb.net/foodyfriend?retryWrites=true&w=majority...","timestamp":"2020-07-26T16:43:17.811Z"}
{"level":"info","message":"Server up and running on port 8082...","timestamp":"2020-07-26T16:43:39.885Z"}
{"level":"info","message":"Connected to mongodb+srv://foodyfriend:foodyfriend@cluster0.rjzyn.gcp.mongodb.net/foodyfriend?retryWrites=true&w=majority...","timestamp":"2020-07-26T16:43:40.366Z"}
{"level":"info","message":"Server up and running on port 8082...","timestamp":"2020-07-26T16:45:07.761Z"}
{"level":"info","message":"Connected to mongodb+srv://foodyfriend:foodyfriend@cluster0.rjzyn.gcp.mongodb.net/foodyfriend?retryWrites=true&w=majority...","timestamp":"2020-07-26T16:45:08.263Z"}
{"level":"info","message":"Server up and running on port 8082...","timestamp":"2020-07-26T16:49:30.141Z"}
{"level":"info","message":"Connected to mongodb+srv://foodyfriend:foodyfriend@cluster0.rjzyn.gcp.mongodb.net/foodyfriend?retryWrites=true&w=majority...","timestamp":"2020-07-26T16:49:30.662Z"}
{"level":"info","message":"Server up and running on port 8082...","timestamp":"2020-07-26T16:50:02.793Z"}
{"level":"info","message":"Connected to mongodb+srv://foodyfriend:foodyfriend@cluster0.rjzyn.gcp.mongodb.net/foodyfriend?retryWrites=true&w=majority...","timestamp":"2020-07-26T16:50:03.256Z"}
{"level":"info","message":"Server up and running on port 8082...","timestamp":"2020-07-26T16:51:05.746Z"}
{"level":"info","message":"Connected to mongodb+srv://foodyfriend:foodyfriend@cluster0.rjzyn.gcp.mongodb.net/foodyfriend?retryWrites=true&w=majority...","timestamp":"2020-07-26T16:51:06.245Z"}
{"level":"info","message":"Server up and running on port 8082...","timestamp":"2020-07-26T17:04:37.903Z"}
{"level":"info","message":"Connected to mongodb+srv://foodyfriend:foodyfriend@cluster0.rjzyn.gcp.mongodb.net/foodyfriend?retryWrites=true&w=majority...","timestamp":"2020-07-26T17:04:38.409Z"}
{"level":"info","message":"Server up and running on port 8082...","timestamp":"2020-07-26T17:06:01.661Z"}
{"level":"info","message":"Connected to mongodb+srv://foodyfriend:foodyfriend@cluster0.rjzyn.gcp.mongodb.net/foodyfriend?retryWrites=true&w=majority...","timestamp":"2020-07-26T17:06:02.152Z"}
{"level":"info","message":"Server up and running on port 8082...","timestamp":"2020-07-26T17:13:16.763Z"}
{"level":"info","message":"Connected to mongodb+srv://foodyfriend:foodyfriend@cluster0.rjzyn.gcp.mongodb.net/foodyfriend?retryWrites=true&w=majority...","timestamp":"2020-07-26T17:13:17.317Z"}
{"level":"info","message":"Server up and running on port 8082...","timestamp":"2020-07-26T17:13:44.623Z"}
{"level":"info","message":"Connected to mongodb+srv://foodyfriend:foodyfriend@cluster0.rjzyn.gcp.mongodb.net/foodyfriend?retryWrites=true&w=majority...","timestamp":"2020-07-26T17:13:45.189Z"}
{"level":"info","message":"Server up and running on port 8082...","timestamp":"2020-07-26T17:16:03.642Z"}
{"level":"info","message":"Connected to mongodb+srv://foodyfriend:foodyfriend@cluster0.rjzyn.gcp.mongodb.net/foodyfriend?retryWrites=true&w=majority...","timestamp":"2020-07-26T17:16:04.177Z"}
{"level":"info","message":"Server up and running on port 8082...","timestamp":"2020-07-26T22:12:16.480Z"}
{"level":"info","message":"Connected to mongodb+srv://foodyfriend:foodyfriend@cluster0.rjzyn.gcp.mongodb.net/foodyfriend?retryWrites=true&w=majority...","timestamp":"2020-07-26T22:12:16.968Z"}
{"level":"info","message":"Server up and running on port 8082...","timestamp":"2020-07-26T22:15:35.665Z"}
{"level":"info","message":"Connected to mongodb+srv://foodyfriend:foodyfriend@cluster0.rjzyn.gcp.mongodb.net/foodyfriend?retryWrites=true&w=majority...","timestamp":"2020-07-26T22:15:36.256Z"}
{"level":"info","message":"Server up and running on port 5000...","timestamp":"2020-07-27T02:13:18.361Z"}
{"level":"info","message":"Connected to mongodb+srv://foodyfriend:foodyfriend@cluster0.rjzyn.gcp.mongodb.net/foodyfriend?retryWrites=true&w=majority...","timestamp":"2020-07-27T02:13:18.896Z"}
{"level":"info","message":"Server up and running on port 5000...","timestamp":"2020-07-27T02:17:58.899Z"}
{"level":"info","message":"Connected to mongodb+srv://foodyfriend:foodyfriend@cluster0.rjzyn.gcp.mongodb.net/foodyfriend?retryWrites=true&w=majority...","timestamp":"2020-07-27T02:17:59.475Z"}
{"level":"info","message":"Server up and running on port 5000...","timestamp":"2020-07-27T02:19:19.246Z"}
{"level":"info","message":"Connected to mongodb+srv://foodyfriend:foodyfriend@cluster0.rjzyn.gcp.mongodb.net/foodyfriend?retryWrites=true&w=majority...","timestamp":"2020-07-27T02:19:19.889Z"}
{"level":"info","message":"Server up and running on port 5000...","timestamp":"2020-07-27T02:20:47.818Z"}
{"level":"info","message":"Connected to mongodb+srv://foodyfriend:foodyfriend@cluster0.rjzyn.gcp.mongodb.net/foodyfriend?retryWrites=true&w=majority...","timestamp":"2020-07-27T02:20:48.392Z"}
{"level":"info","message":"Server up and running on port 5000...","timestamp":"2020-07-27T02:23:06.097Z"}
{"level":"info","message":"Connected to mongodb+srv://foodyfriend:foodyfriend@cluster0.rjzyn.gcp.mongodb.net/foodyfriend?retryWrites=true&w=majority...","timestamp":"2020-07-27T02:23:07.025Z"}
{"level":"info","message":"Server up and running on port 5000...","timestamp":"2020-07-27T02:33:08.045Z"}
{"level":"info","message":"Connected to mongodb+srv://foodyfriend:foodyfriend@cluster0.rjzyn.gcp.mongodb.net/foodyfriend?retryWrites=true&w=majority...","timestamp":"2020-07-27T02:33:08.604Z"}
{"level":"info","message":"Server up and running on port 5000...","timestamp":"2020-07-27T03:05:19.111Z"}
{"level":"info","message":"Connected to mongodb+srv://foodyfriend:foodyfriend@cluster0.rjzyn.gcp.mongodb.net/foodyfriend?retryWrites=true&w=majority...","timestamp":"2020-07-27T03:05:19.691Z"}
{"level":"info","message":"Server up and running on port 5000...","timestamp":"2020-07-27T03:09:05.594Z"}
{"level":"info","message":"Connected to mongodb+srv://foodyfriend:foodyfriend@cluster0.rjzyn.gcp.mongodb.net/foodyfriend?retryWrites=true&w=majority...","timestamp":"2020-07-27T03:09:06.082Z"}
{"level":"info","message":"Server up and running on port 5000...","timestamp":"2020-07-27T03:10:12.049Z"}
{"level":"info","message":"Connected to mongodb+srv://foodyfriend:foodyfriend@cluster0.rjzyn.gcp.mongodb.net/foodyfriend?retryWrites=true&w=majority...","timestamp":"2020-07-27T03:10:12.526Z"}
{"level":"info","message":"Server up and running on port 5000...","timestamp":"2020-07-27T03:13:48.311Z"}
{"level":"info","message":"Connected to mongodb+srv://foodyfriend:foodyfriend@cluster0.rjzyn.gcp.mongodb.net/foodyfriend?retryWrites=true&w=majority...","timestamp":"2020-07-27T03:13:48.865Z"}
{"level":"info","message":"Server up and running on port 5000...","timestamp":"2020-07-27T03:16:08.685Z"}
{"level":"info","message":"Connected to mongodb+srv://foodyfriend:foodyfriend@cluster0.rjzyn.gcp.mongodb.net/foodyfriend?retryWrites=true&w=majority...","timestamp":"2020-07-27T03:16:09.193Z"}
{"level":"info","message":"Server up and running on port 5000...","timestamp":"2020-07-27T03:26:11.911Z"}
{"level":"info","message":"Connected to mongodb+srv://foodyfriend:foodyfriend@cluster0.rjzyn.gcp.mongodb.net/foodyfriend?retryWrites=true&w=majority...","timestamp":"2020-07-27T03:26:12.515Z"}
{"level":"info","message":"Server up and running on port 5000...","timestamp":"2020-07-27T03:28:30.297Z"}
{"level":"info","message":"Connected to mongodb+srv://foodyfriend:foodyfriend@cluster0.rjzyn.gcp.mongodb.net/foodyfriend?retryWrites=true&w=majority...","timestamp":"2020-07-27T03:28:30.832Z"}
{"level":"info","message":"Server up and running on port 5000...","timestamp":"2020-07-27T03:28:49.683Z"}
{"level":"info","message":"Connected to mongodb+srv://foodyfriend:foodyfriend@cluster0.rjzyn.gcp.mongodb.net/foodyfriend?retryWrites=true&w=majority...","timestamp":"2020-07-27T03:28:50.236Z"}
{"level":"info","message":"Server up and running on port 5000...","timestamp":"2020-07-27T03:29:20.844Z"}
{"level":"info","message":"Connected to mongodb+srv://foodyfriend:foodyfriend@cluster0.rjzyn.gcp.mongodb.net/foodyfriend?retryWrites=true&w=majority...","timestamp":"2020-07-27T03:29:21.320Z"}
{"level":"info","message":"Server up and running on port 5000...","timestamp":"2020-07-27T03:31:50.774Z"}
{"level":"info","message":"Connected to mongodb+srv://foodyfriend:foodyfriend@cluster0.rjzyn.gcp.mongodb.net/foodyfriend?retryWrites=true&w=majority...","timestamp":"2020-07-27T03:31:51.295Z"}
{"level":"info","message":"Server up and running on port 5000...","timestamp":"2020-07-27T03:37:41.323Z"}
{"level":"info","message":"Connected to mongodb+srv://foodyfriend:foodyfriend@cluster0.rjzyn.gcp.mongodb.net/foodyfriend?retryWrites=true&w=majority...","timestamp":"2020-07-27T03:37:41.868Z"}
{"level":"info","message":"Server up and running on port 5000...","timestamp":"2020-07-27T03:38:29.649Z"}
{"level":"info","message":"Connected to mongodb+srv://foodyfriend:foodyfriend@cluster0.rjzyn.gcp.mongodb.net/foodyfriend?retryWrites=true&w=majority...","timestamp":"2020-07-27T03:38:30.101Z"}
{"level":"info","message":"Server up and running on port 5000...","timestamp":"2020-07-27T03:41:08.440Z"}
{"level":"info","message":"Connected to mongodb+srv://foodyfriend:foodyfriend@cluster0.rjzyn.gcp.mongodb.net/foodyfriend?retryWrites=true&w=majority...","timestamp":"2020-07-27T03:41:08.977Z"}
{"level":"info","message":"Server up and running on port 5000...","timestamp":"2020-07-27T03:46:24.849Z"}
{"level":"info","message":"Connected to mongodb+srv://foodyfriend:foodyfriend@cluster0.rjzyn.gcp.mongodb.net/foodyfriend?retryWrites=true&w=majority...","timestamp":"2020-07-27T03:46:25.357Z"}
{"level":"info","message":"Server up and running on port 5000...","timestamp":"2020-07-27T03:47:06.504Z"}
{"level":"info","message":"Connected to mongodb+srv://foodyfriend:foodyfriend@cluster0.rjzyn.gcp.mongodb.net/foodyfriend?retryWrites=true&w=majority...","timestamp":"2020-07-27T03:47:06.988Z"}
{"level":"info","message":"Server up and running on port 5000...","timestamp":"2020-07-27T03:49:57.460Z"}
{"level":"info","message":"Connected to mongodb+srv://foodyfriend:foodyfriend@cluster0.rjzyn.gcp.mongodb.net/foodyfriend?retryWrites=true&w=majority...","timestamp":"2020-07-27T03:49:57.964Z"}
{"level":"info","message":"Server up and running on port 5000...","timestamp":"2020-07-27T03:51:29.621Z"}
{"level":"info","message":"Connected to mongodb+srv://foodyfriend:foodyfriend@cluster0.rjzyn.gcp.mongodb.net/foodyfriend?retryWrites=true&w=majority...","timestamp":"2020-07-27T03:51:30.118Z"}
{"level":"info","message":"Server up and running on port 5000...","timestamp":"2020-07-27T03:52:19.868Z"}
{"level":"info","message":"Connected to mongodb+srv://foodyfriend:foodyfriend@cluster0.rjzyn.gcp.mongodb.net/foodyfriend?retryWrites=true&w=majority...","timestamp":"2020-07-27T03:52:20.346Z"}
{"level":"info","message":"Server up and running on port 5000...","timestamp":"2020-07-27T03:54:22.627Z"}
{"level":"info","message":"Connected to mongodb+srv://foodyfriend:foodyfriend@cluster0.rjzyn.gcp.mongodb.net/foodyfriend?retryWrites=true&w=majority...","timestamp":"2020-07-27T03:54:23.213Z"}
{"level":"info","message":"Server up and running on port 5000...","timestamp":"2020-07-27T03:54:53.661Z"}
{"level":"info","message":"Connected to mongodb+srv://foodyfriend:foodyfriend@cluster0.rjzyn.gcp.mongodb.net/foodyfriend?retryWrites=true&w=majority...","timestamp":"2020-07-27T03:54:59.285Z"}
{"level":"info","message":"Server up and running on port 5000...","timestamp":"2020-07-27T03:55:22.914Z"}
{"level":"info","message":"Connected to mongodb+srv://foodyfriend:foodyfriend@cluster0.rjzyn.gcp.mongodb.net/foodyfriend?retryWrites=true&w=majority...","timestamp":"2020-07-27T03:55:23.433Z"}
{"level":"info","message":"Server up and running on port 5000...","timestamp":"2020-07-27T03:58:22.684Z"}
{"level":"info","message":"Connected to mongodb+srv://foodyfriend:foodyfriend@cluster0.rjzyn.gcp.mongodb.net/foodyfriend?retryWrites=true&w=majority...","timestamp":"2020-07-27T03:58:23.238Z"}
{"level":"info","message":"Server up and running on port 5000...","timestamp":"2020-07-27T03:58:52.505Z"}
{"level":"info","message":"Connected to mongodb+srv://foodyfriend:foodyfriend@cluster0.rjzyn.gcp.mongodb.net/foodyfriend?retryWrites=true&w=majority...","timestamp":"2020-07-27T03:58:52.998Z"}
{"level":"info","message":"Server up and running on port 5000...","timestamp":"2020-07-27T04:00:10.667Z"}
{"level":"info","message":"Connected to mongodb+srv://foodyfriend:foodyfriend@cluster0.rjzyn.gcp.mongodb.net/foodyfriend?retryWrites=true&w=majority...","timestamp":"2020-07-27T04:00:11.219Z"}
{"level":"info","message":"Server up and running on port 5000...","timestamp":"2020-07-27T04:00:48.655Z"}
{"level":"info","message":"Connected to mongodb+srv://foodyfriend:foodyfriend@cluster0.rjzyn.gcp.mongodb.net/foodyfriend?retryWrites=true&w=majority...","timestamp":"2020-07-27T04:00:49.243Z"}
{"level":"info","message":"Server up and running on port 5000...","timestamp":"2020-07-27T04:01:52.716Z"}
{"level":"info","message":"Connected to mongodb+srv://foodyfriend:foodyfriend@cluster0.rjzyn.gcp.mongodb.net/foodyfriend?retryWrites=true&w=majority...","timestamp":"2020-07-27T04:01:53.244Z"}
{"level":"info","message":"Server up and running on port 5000...","timestamp":"2020-07-27T04:02:31.095Z"}
{"level":"info","message":"Connected to mongodb+srv://foodyfriend:foodyfriend@cluster0.rjzyn.gcp.mongodb.net/foodyfriend?retryWrites=true&w=majority...","timestamp":"2020-07-27T04:02:31.570Z"}
{"level":"info","message":"Server up and running on port 5000...","timestamp":"2020-07-27T04:03:59.524Z"}
{"level":"info","message":"Connected to mongodb+srv://foodyfriend:foodyfriend@cluster0.rjzyn.gcp.mongodb.net/foodyfriend?retryWrites=true&w=majority...","timestamp":"2020-07-27T04:04:00.064Z"}
{"level":"info","message":"Server up and running on port 5000...","timestamp":"2020-07-27T04:04:57.943Z"}
{"level":"info","message":"Connected to mongodb+srv://foodyfriend:foodyfriend@cluster0.rjzyn.gcp.mongodb.net/foodyfriend?retryWrites=true&w=majority...","timestamp":"2020-07-27T04:04:58.468Z"}
{"level":"info","message":"Server up and running on port 5000...","timestamp":"2020-07-27T04:05:26.111Z"}
{"level":"info","message":"Connected to mongodb+srv://foodyfriend:foodyfriend@cluster0.rjzyn.gcp.mongodb.net/foodyfriend?retryWrites=true&w=majority...","timestamp":"2020-07-27T04:05:26.583Z"}
{"level":"info","message":"Server up and running on port 5000...","timestamp":"2020-07-27T04:06:17.978Z"}
{"level":"info","message":"Connected to mongodb+srv://foodyfriend:foodyfriend@cluster0.rjzyn.gcp.mongodb.net/foodyfriend?retryWrites=true&w=majority...","timestamp":"2020-07-27T04:06:18.567Z"}
{"level":"info","message":"Server up and running on port 5000...","timestamp":"2020-07-27T04:07:17.606Z"}
{"level":"info","message":"Connected to mongodb+srv://foodyfriend:foodyfriend@cluster0.rjzyn.gcp.mongodb.net/foodyfriend?retryWrites=true&w=majority...","timestamp":"2020-07-27T04:07:18.177Z"}
{"level":"info","message":"Server up and running on port 5000...","timestamp":"2020-07-27T04:08:14.571Z"}
{"level":"info","message":"Connected to mongodb+srv://foodyfriend:foodyfriend@cluster0.rjzyn.gcp.mongodb.net/foodyfriend?retryWrites=true&w=majority...","timestamp":"2020-07-27T04:08:15.085Z"}
{"level":"info","message":"Server up and running on port 5000...","timestamp":"2020-07-27T04:08:47.949Z"}
{"level":"info","message":"Connected to mongodb+srv://foodyfriend:foodyfriend@cluster0.rjzyn.gcp.mongodb.net/foodyfriend?retryWrites=true&w=majority...","timestamp":"2020-07-27T04:08:48.543Z"}
{"level":"info","message":"Server up and running on port 5000...","timestamp":"2020-07-27T04:09:16.887Z"}
{"level":"info","message":"Connected to mongodb+srv://foodyfriend:foodyfriend@cluster0.rjzyn.gcp.mongodb.net/foodyfriend?retryWrites=true&w=majority...","timestamp":"2020-07-27T04:09:17.387Z"}
{"level":"info","message":"Server up and running on port 5000...","timestamp":"2020-07-27T04:10:07.678Z"}
{"level":"info","message":"Connected to mongodb+srv://foodyfriend:foodyfriend@cluster0.rjzyn.gcp.mongodb.net/foodyfriend?retryWrites=true&w=majority...","timestamp":"2020-07-27T04:10:08.192Z"}
{"level":"info","message":"Server up and running on port 5000...","timestamp":"2020-07-27T04:52:21.734Z"}
{"level":"info","message":"Connected to mongodb+srv://foodyfriend:foodyfriend@cluster0.rjzyn.gcp.mongodb.net/foodyfriend?retryWrites=true&w=majority...","timestamp":"2020-07-27T04:52:22.251Z"}
{"level":"info","message":"Server up and running on port 5000...","timestamp":"2020-07-27T05:05:48.296Z"}
{"level":"info","message":"Connected to mongodb+srv://foodyfriend:foodyfriend@cluster0.rjzyn.gcp.mongodb.net/foodyfriend?retryWrites=true&w=majority...","timestamp":"2020-07-27T05:05:48.793Z"}
{"message":"restId is not defined","stack":"ReferenceError: restId is not defined\n    at /Users/sebastiangilarranz/Desktop/backend-heroku/routes/auth.js:717:26\n    at newFn (/Users/sebastiangilarranz/Desktop/backend-heroku/node_modules/express-async-errors/index.js:16:20)\n    at Layer.handle [as handle_request] (/Users/sebastiangilarranz/Desktop/backend-heroku/node_modules/express/lib/router/layer.js:95:5)\n    at next (/Users/sebastiangilarranz/Desktop/backend-heroku/node_modules/express/lib/router/route.js:137:13)\n    at Route.dispatch (/Users/sebastiangilarranz/Desktop/backend-heroku/node_modules/express/lib/router/route.js:112:3)\n    at newFn (/Users/sebastiangilarranz/Desktop/backend-heroku/node_modules/express-async-errors/index.js:16:20)\n    at Layer.handle [as handle_request] (/Users/sebastiangilarranz/Desktop/backend-heroku/node_modules/express/lib/router/layer.js:95:5)\n    at /Users/sebastiangilarranz/Desktop/backend-heroku/node_modules/express/lib/router/index.js:281:22\n    at Function.process_params (/Users/sebastiangilarranz/Desktop/backend-heroku/node_modules/express/lib/router/index.js:335:12)\n    at next (/Users/sebastiangilarranz/Desktop/backend-heroku/node_modules/express/lib/router/index.js:275:10)\n    at Function.handle (/Users/sebastiangilarranz/Desktop/backend-heroku/node_modules/express/lib/router/index.js:174:3)\n    at router (/Users/sebastiangilarranz/Desktop/backend-heroku/node_modules/express/lib/router/index.js:47:12)\n    at newFn (/Users/sebastiangilarranz/Desktop/backend-heroku/node_modules/express-async-errors/index.js:16:20)\n    at Layer.handle [as handle_request] (/Users/sebastiangilarranz/Desktop/backend-heroku/node_modules/express/lib/router/layer.js:95:5)\n    at trim_prefix (/Users/sebastiangilarranz/Desktop/backend-heroku/node_modules/express/lib/router/index.js:317:13)\n    at /Users/sebastiangilarranz/Desktop/backend-heroku/node_modules/express/lib/router/index.js:284:7","level":"error","timestamp":"2020-07-27T05:07:19.733Z"}
{"level":"info","message":"Server up and running on port 5000...","timestamp":"2020-07-27T05:08:30.227Z"}
{"level":"info","message":"Connected to mongodb+srv://foodyfriend:foodyfriend@cluster0.rjzyn.gcp.mongodb.net/foodyfriend?retryWrites=true&w=majority...","timestamp":"2020-07-27T05:08:30.727Z"}
{"message":"restId is not defined","stack":"ReferenceError: restId is not defined\n    at /Users/sebastiangilarranz/Desktop/backend-heroku/routes/auth.js:717:26\n    at newFn (/Users/sebastiangilarranz/Desktop/backend-heroku/node_modules/express-async-errors/index.js:16:20)\n    at Layer.handle [as handle_request] (/Users/sebastiangilarranz/Desktop/backend-heroku/node_modules/express/lib/router/layer.js:95:5)\n    at next (/Users/sebastiangilarranz/Desktop/backend-heroku/node_modules/express/lib/router/route.js:137:13)\n    at Route.dispatch (/Users/sebastiangilarranz/Desktop/backend-heroku/node_modules/express/lib/router/route.js:112:3)\n    at newFn (/Users/sebastiangilarranz/Desktop/backend-heroku/node_modules/express-async-errors/index.js:16:20)\n    at Layer.handle [as handle_request] (/Users/sebastiangilarranz/Desktop/backend-heroku/node_modules/express/lib/router/layer.js:95:5)\n    at /Users/sebastiangilarranz/Desktop/backend-heroku/node_modules/express/lib/router/index.js:281:22\n    at Function.process_params (/Users/sebastiangilarranz/Desktop/backend-heroku/node_modules/express/lib/router/index.js:335:12)\n    at next (/Users/sebastiangilarranz/Desktop/backend-heroku/node_modules/express/lib/router/index.js:275:10)\n    at Function.handle (/Users/sebastiangilarranz/Desktop/backend-heroku/node_modules/express/lib/router/index.js:174:3)\n    at router (/Users/sebastiangilarranz/Desktop/backend-heroku/node_modules/express/lib/router/index.js:47:12)\n    at newFn (/Users/sebastiangilarranz/Desktop/backend-heroku/node_modules/express-async-errors/index.js:16:20)\n    at Layer.handle [as handle_request] (/Users/sebastiangilarranz/Desktop/backend-heroku/node_modules/express/lib/router/layer.js:95:5)\n    at trim_prefix (/Users/sebastiangilarranz/Desktop/backend-heroku/node_modules/express/lib/router/index.js:317:13)\n    at /Users/sebastiangilarranz/Desktop/backend-heroku/node_modules/express/lib/router/index.js:284:7","level":"error","timestamp":"2020-07-27T05:08:45.221Z"}
{"message":"restId is not defined","stack":"ReferenceError: restId is not defined\n    at /Users/sebastiangilarranz/Desktop/backend-heroku/routes/auth.js:717:26\n    at newFn (/Users/sebastiangilarranz/Desktop/backend-heroku/node_modules/express-async-errors/index.js:16:20)\n    at Layer.handle [as handle_request] (/Users/sebastiangilarranz/Desktop/backend-heroku/node_modules/express/lib/router/layer.js:95:5)\n    at next (/Users/sebastiangilarranz/Desktop/backend-heroku/node_modules/express/lib/router/route.js:137:13)\n    at Route.dispatch (/Users/sebastiangilarranz/Desktop/backend-heroku/node_modules/express/lib/router/route.js:112:3)\n    at newFn (/Users/sebastiangilarranz/Desktop/backend-heroku/node_modules/express-async-errors/index.js:16:20)\n    at Layer.handle [as handle_request] (/Users/sebastiangilarranz/Desktop/backend-heroku/node_modules/express/lib/router/layer.js:95:5)\n    at /Users/sebastiangilarranz/Desktop/backend-heroku/node_modules/express/lib/router/index.js:281:22\n    at Function.process_params (/Users/sebastiangilarranz/Desktop/backend-heroku/node_modules/express/lib/router/index.js:335:12)\n    at next (/Users/sebastiangilarranz/Desktop/backend-heroku/node_modules/express/lib/router/index.js:275:10)\n    at Function.handle (/Users/sebastiangilarranz/Desktop/backend-heroku/node_modules/express/lib/router/index.js:174:3)\n    at router (/Users/sebastiangilarranz/Desktop/backend-heroku/node_modules/express/lib/router/index.js:47:12)\n    at newFn (/Users/sebastiangilarranz/Desktop/backend-heroku/node_modules/express-async-errors/index.js:16:20)\n    at Layer.handle [as handle_request] (/Users/sebastiangilarranz/Desktop/backend-heroku/node_modules/express/lib/router/layer.js:95:5)\n    at trim_prefix (/Users/sebastiangilarranz/Desktop/backend-heroku/node_modules/express/lib/router/index.js:317:13)\n    at /Users/sebastiangilarranz/Desktop/backend-heroku/node_modules/express/lib/router/index.js:284:7","level":"error","timestamp":"2020-07-27T05:08:49.135Z"}
{"level":"info","message":"Server up and running on port 5000...","timestamp":"2020-07-27T05:11:03.128Z"}
{"level":"info","message":"Connected to mongodb+srv://foodyfriend:foodyfriend@cluster0.rjzyn.gcp.mongodb.net/foodyfriend?retryWrites=true&w=majority...","timestamp":"2020-07-27T05:11:03.621Z"}
{"level":"info","message":"Server up and running on port 5000...","timestamp":"2020-07-27T05:12:42.535Z"}
{"level":"info","message":"Connected to mongodb+srv://foodyfriend:foodyfriend@cluster0.rjzyn.gcp.mongodb.net/foodyfriend?retryWrites=true&w=majority...","timestamp":"2020-07-27T05:12:43.140Z"}
{"level":"info","message":"Server up and running on port 5000...","timestamp":"2020-07-27T05:13:54.742Z"}
{"level":"info","message":"Connected to mongodb+srv://foodyfriend:foodyfriend@cluster0.rjzyn.gcp.mongodb.net/foodyfriend?retryWrites=true&w=majority...","timestamp":"2020-07-27T05:13:55.208Z"}
{"level":"info","message":"Server up and running on port 5000...","timestamp":"2020-07-27T05:15:37.895Z"}
{"level":"info","message":"Connected to mongodb+srv://foodyfriend:foodyfriend@cluster0.rjzyn.gcp.mongodb.net/foodyfriend?retryWrites=true&w=majority...","timestamp":"2020-07-27T05:15:38.481Z"}
{"level":"info","message":"Server up and running on port 5000...","timestamp":"2020-07-27T05:23:57.642Z"}
{"level":"info","message":"Connected to mongodb+srv://foodyfriend:foodyfriend@cluster0.rjzyn.gcp.mongodb.net/foodyfriend?retryWrites=true&w=majority...","timestamp":"2020-07-27T05:23:58.231Z"}
{"level":"info","message":"Server up and running on port 5000...","timestamp":"2020-07-27T06:49:31.841Z"}
{"level":"info","message":"Connected to mongodb+srv://foodyfriend:foodyfriend@cluster0.rjzyn.gcp.mongodb.net/foodyfriend?retryWrites=true&w=majority...","timestamp":"2020-07-27T06:49:32.396Z"}
{"level":"info","message":"Server up and running on port 5000...","timestamp":"2020-07-27T17:03:18.571Z"}
{"level":"info","message":"Connected to mongodb+srv://foodyfriend:foodyfriend@cluster0.rjzyn.gcp.mongodb.net/foodyfriend?retryWrites=true&w=majority...","timestamp":"2020-07-27T17:03:19.089Z"}
{"level":"info","message":"Server up and running on port 5000...","timestamp":"2020-07-27T17:05:44.400Z"}
{"level":"info","message":"Connected to mongodb+srv://foodyfriend:foodyfriend@cluster0.rjzyn.gcp.mongodb.net/foodyfriend?retryWrites=true&w=majority...","timestamp":"2020-07-27T17:05:44.896Z"}
{"level":"info","message":"Server up and running on port 5000...","timestamp":"2020-07-27T20:57:22.360Z"}
{"level":"info","message":"Connected to mongodb+srv://foodyfriend:foodyfriend@cluster0.rjzyn.gcp.mongodb.net/foodyfriend?retryWrites=true&w=majority...","timestamp":"2020-07-27T20:57:22.878Z"}
{"level":"info","message":"Server up and running on port 5000...","timestamp":"2020-07-27T20:58:40.069Z"}
{"level":"info","message":"Connected to mongodb+srv://foodyfriend:foodyfriend@cluster0.rjzyn.gcp.mongodb.net/foodyfriend?retryWrites=true&w=majority...","timestamp":"2020-07-27T20:58:40.685Z"}
{"level":"info","message":"Server up and running on port 5000...","timestamp":"2020-07-28T06:05:52.139Z"}
{"level":"info","message":"Connected to mongodb+srv://foodyfriend:foodyfriend@cluster0.rjzyn.gcp.mongodb.net/foodyfriend?retryWrites=true&w=majority...","timestamp":"2020-07-28T06:05:52.624Z"}
{"level":"info","message":"Server up and running on port 5000...","timestamp":"2020-07-28T06:14:56.484Z"}
{"level":"info","message":"Connected to mongodb+srv://foodyfriend:foodyfriend@cluster0.rjzyn.gcp.mongodb.net/foodyfriend?retryWrites=true&w=majority...","timestamp":"2020-07-28T06:14:56.982Z"}
